c:\users\kpai5\desktop\engine-51\engine-51\debug\vc142.pdb
c:\users\kpai5\desktop\engine-51\engine-51\debug\vc142.idb
c:\users\kpai5\desktop\engine-51\engine-51\debug\world.obj
c:\users\kpai5\desktop\engine-51\engine-51\debug\window.obj
c:\users\kpai5\desktop\engine-51\engine-51\debug\tankai.obj
c:\users\kpai5\desktop\engine-51\engine-51\debug\stb_image.obj
c:\users\kpai5\desktop\engine-51\engine-51\debug\server.obj
c:\users\kpai5\desktop\engine-51\engine-51\debug\model.obj
c:\users\kpai5\desktop\engine-51\engine-51\debug\input.obj
c:\users\kpai5\desktop\engine-51\engine-51\debug\imgui_widgets.obj
c:\users\kpai5\desktop\engine-51\engine-51\debug\imgui_impl_opengl3.obj
c:\users\kpai5\desktop\engine-51\engine-51\debug\imgui_impl_glfw.obj
c:\users\kpai5\desktop\engine-51\engine-51\debug\imgui_draw.obj
c:\users\kpai5\desktop\engine-51\engine-51\debug\imgui_demo.obj
c:\users\kpai5\desktop\engine-51\engine-51\debug\imgui.obj
c:\users\kpai5\desktop\engine-51\engine-51\debug\grid.obj
c:\users\kpai5\desktop\engine-51\engine-51\debug\cube.obj
c:\users\kpai5\desktop\engine-51\engine-51\debug\collision.obj
c:\users\kpai5\desktop\engine-51\engine-51\debug\client.obj
c:\users\kpai5\desktop\engine-51\engine-51\debug\glad.obj
c:\users\kpai5\desktop\engine-51\debug\engine-51.exe
c:\users\kpai5\desktop\engine-51\debug\engine-51.ilk
c:\users\kpai5\desktop\engine-51\debug\engine-51.pdb
c:\users\kpai5\desktop\engine-51\engine-51\debug\engine-51.tlog\cl.command.1.tlog
c:\users\kpai5\desktop\engine-51\engine-51\debug\engine-51.tlog\cl.read.1.tlog
c:\users\kpai5\desktop\engine-51\engine-51\debug\engine-51.tlog\cl.write.1.tlog
c:\users\kpai5\desktop\engine-51\engine-51\debug\engine-51.tlog\link.command.1.tlog
c:\users\kpai5\desktop\engine-51\engine-51\debug\engine-51.tlog\link.read.1.tlog
c:\users\kpai5\desktop\engine-51\engine-51\debug\engine-51.tlog\link.write.1.tlog
