c:\users\kpai5\desktop\engine-51\engine-51\debug\vc142.pdb
c:\users\kpai5\desktop\engine-51\engine-51\debug\vc142.idb
c:\users\kpai5\desktop\engine-51\engine-51\debug\glad.obj
c:\users\kpai5\desktop\engine-51\engine-51\debug\stb_image.obj
c:\users\kpai5\desktop\engine-51\engine-51\debug\window.obj
c:\users\kpai5\desktop\engine-51\engine-51\debug\input.obj
c:\users\kpai5\desktop\engine-51\engine-51\debug\camera.obj
c:\users\kpai5\desktop\engine-51\engine-51\debug\cube.obj
c:\users\kpai5\desktop\engine-51\debug\engine-51.exe
c:\users\kpai5\desktop\engine-51\debug\engine-51.ilk
c:\users\kpai5\desktop\engine-51\debug\engine-51.pdb
e:\comp3900-f19-008\engine-51\engine-51\debug\camera.obj
e:\comp3900-f19-008\engine-51\engine-51\debug\cube.obj
e:\comp3900-f19-008\engine-51\engine-51\debug\input.obj
e:\comp3900-f19-008\engine-51\engine-51\debug\object.obj
e:\comp3900-f19-008\engine-51\engine-51\debug\shader.obj
e:\comp3900-f19-008\engine-51\engine-51\debug\stb_image.obj
e:\comp3900-f19-008\engine-51\engine-51\debug\window.obj
e:\comp3900-f19-008\engine-51\engine-51\debug\vc142.idb
e:\comp3900-f19-008\engine-51\engine-51\debug\vc142.pdb
e:\comp3900-f19-008\engine-51\debug\engine-51.pdb
e:\comp3900-f19-008\engine-51\debug\engine-51.exe
e:\comp3900-f19-008\engine-51\debug\engine-51.ilk
e:\comp3900-f19-008\engine-51\engine-51\debug\engine-51.tlog\cl.command.1.tlog
e:\comp3900-f19-008\engine-51\engine-51\debug\engine-51.tlog\cl.read.1.tlog
e:\comp3900-f19-008\engine-51\engine-51\debug\engine-51.tlog\cl.write.1.tlog
e:\comp3900-f19-008\engine-51\engine-51\debug\engine-51.tlog\link.command.1.tlog
e:\comp3900-f19-008\engine-51\engine-51\debug\engine-51.tlog\link.read.1.tlog
e:\comp3900-f19-008\engine-51\engine-51\debug\engine-51.tlog\link.write.1.tlog
